CRITICAL - 2023-05-30 04:28:11 --> foreach() argument must be of type array|object, string given
in APPPATH\Controllers\BusinessController.php on line 149.
 1 APPPATH\Controllers\BusinessController.php(149): CodeIgniter\Debug\Exceptions->errorHandler(2, 'foreach() argument must be of type array|object, string given', 'C:\\xampp\\htdocs\\reg-login\\app\\Controllers\\BusinessController.php', 149)
 2 SYSTEMPATH\CodeIgniter.php(934): App\Controllers\BusinessController->update_business('aab3238922bcc25a6f606eb525ffdc56')
 3 SYSTEMPATH\CodeIgniter.php(499): CodeIgniter\CodeIgniter->runController(Object(App\Controllers\BusinessController))
 4 SYSTEMPATH\CodeIgniter.php(368): CodeIgniter\CodeIgniter->handleRequest(null, Object(Config\Cache), false)
 5 FCPATH\index.php(67): CodeIgniter\CodeIgniter->run()
CRITICAL - 2023-05-30 04:29:51 --> unlink(C:\xampp\htdocs\reg-login\writable\../public/gallery/dummy-profile-pic.jpg): No such file or directory
in APPPATH\Controllers\BusinessController.php on line 141.
 1 [internal function]: CodeIgniter\Debug\Exceptions->errorHandler(2, 'unlink(C:\\xampp\\htdocs\\reg-login\\writable\\../public/gallery/dummy-profile-pic.jpg): No such file or directory', 'C:\\xampp\\htdocs\\reg-login\\app\\Controllers\\BusinessController.php', 141)
 2 APPPATH\Controllers\BusinessController.php(141): unlink('C:\\xampp\\htdocs\\reg-login\\writable\\../public/gallery/dummy-profile-pic.jpg')
 3 SYSTEMPATH\CodeIgniter.php(934): App\Controllers\BusinessController->update_business('aab3238922bcc25a6f606eb525ffdc56')
 4 SYSTEMPATH\CodeIgniter.php(499): CodeIgniter\CodeIgniter->runController(Object(App\Controllers\BusinessController))
 5 SYSTEMPATH\CodeIgniter.php(368): CodeIgniter\CodeIgniter->handleRequest(null, Object(Config\Cache), false)
 6 FCPATH\index.php(67): CodeIgniter\CodeIgniter->run()
CRITICAL - 2023-05-30 04:45:27 --> unlink(C:\xampp\htdocs\reg-login\writable\../public/gallery/dummy-man-570x570.png): No such file or directory
in APPPATH\Controllers\BusinessController.php on line 133.
 1 [internal function]: CodeIgniter\Debug\Exceptions->errorHandler(2, 'unlink(C:\\xampp\\htdocs\\reg-login\\writable\\../public/gallery/dummy-man-570x570.png): No such file or directory', 'C:\\xampp\\htdocs\\reg-login\\app\\Controllers\\BusinessController.php', 133)
 2 APPPATH\Controllers\BusinessController.php(133): unlink('C:\\xampp\\htdocs\\reg-login\\writable\\../public/gallery/dummy-man-570x570.png')
 3 SYSTEMPATH\CodeIgniter.php(934): App\Controllers\BusinessController->update_business('d3d9446802a44259755d38e6d163e820')
 4 SYSTEMPATH\CodeIgniter.php(499): CodeIgniter\CodeIgniter->runController(Object(App\Controllers\BusinessController))
 5 SYSTEMPATH\CodeIgniter.php(368): CodeIgniter\CodeIgniter->handleRequest(null, Object(Config\Cache), false)
 6 FCPATH\index.php(67): CodeIgniter\CodeIgniter->run()
CRITICAL - 2023-05-30 04:45:45 --> unlink(C:\xampp\htdocs\reg-login\writable\../public/gallery/dummy-profile-pic.jpg): No such file or directory
in APPPATH\Controllers\BusinessController.php on line 133.
 1 [internal function]: CodeIgniter\Debug\Exceptions->errorHandler(2, 'unlink(C:\\xampp\\htdocs\\reg-login\\writable\\../public/gallery/dummy-profile-pic.jpg): No such file or directory', 'C:\\xampp\\htdocs\\reg-login\\app\\Controllers\\BusinessController.php', 133)
 2 APPPATH\Controllers\BusinessController.php(133): unlink('C:\\xampp\\htdocs\\reg-login\\writable\\../public/gallery/dummy-profile-pic.jpg')
 3 SYSTEMPATH\CodeIgniter.php(934): App\Controllers\BusinessController->update_business('e4da3b7fbbce2345d7772b0674a318d5')
 4 SYSTEMPATH\CodeIgniter.php(499): CodeIgniter\CodeIgniter->runController(Object(App\Controllers\BusinessController))
 5 SYSTEMPATH\CodeIgniter.php(368): CodeIgniter\CodeIgniter->handleRequest(null, Object(Config\Cache), false)
 6 FCPATH\index.php(67): CodeIgniter\CodeIgniter->run()
CRITICAL - 2023-05-30 05:10:38 --> Unclosed '{' on line 10
in APPPATH\Controllers\BusinessController.php on line 200.
 1 SYSTEMPATH\Autoloader\Autoloader.php(289): CodeIgniter\Autoloader\Autoloader->includeFile('C:\\xampp\\htdocs\\reg-login\\app\\Controllers\\BusinessController.php')
 2 SYSTEMPATH\Autoloader\Autoloader.php(267): CodeIgniter\Autoloader\Autoloader->loadInNamespace('App\\Controllers\\BusinessController')
 3 [internal function]: CodeIgniter\Autoloader\Autoloader->loadClass('App\\Controllers\\BusinessController')
 4 SYSTEMPATH\CodeIgniter.php(892): class_exists('\\App\\Controllers\\BusinessController', true)
 5 SYSTEMPATH\CodeIgniter.php(486): CodeIgniter\CodeIgniter->startController()
 6 SYSTEMPATH\CodeIgniter.php(368): CodeIgniter\CodeIgniter->handleRequest(null, Object(Config\Cache), false)
 7 FCPATH\index.php(67): CodeIgniter\CodeIgniter->run()
CRITICAL - 2023-05-30 05:10:49 --> Unclosed '{' on line 10
in APPPATH\Controllers\BusinessController.php on line 200.
 1 SYSTEMPATH\Autoloader\Autoloader.php(289): CodeIgniter\Autoloader\Autoloader->includeFile('C:\\xampp\\htdocs\\reg-login\\app\\Controllers\\BusinessController.php')
 2 SYSTEMPATH\Autoloader\Autoloader.php(267): CodeIgniter\Autoloader\Autoloader->loadInNamespace('App\\Controllers\\BusinessController')
 3 [internal function]: CodeIgniter\Autoloader\Autoloader->loadClass('App\\Controllers\\BusinessController')
 4 SYSTEMPATH\CodeIgniter.php(892): class_exists('\\App\\Controllers\\BusinessController', true)
 5 SYSTEMPATH\CodeIgniter.php(486): CodeIgniter\CodeIgniter->startController()
 6 SYSTEMPATH\CodeIgniter.php(368): CodeIgniter\CodeIgniter->handleRequest(null, Object(Config\Cache), false)
 7 FCPATH\index.php(67): CodeIgniter\CodeIgniter->run()
CRITICAL - 2023-05-30 06:07:09 --> Call to a member function isValid() on array
in APPPATH\Controllers\BusinessController.php on line 156.
 1 SYSTEMPATH\CodeIgniter.php(934): App\Controllers\BusinessController->update_business()
 2 SYSTEMPATH\CodeIgniter.php(499): CodeIgniter\CodeIgniter->runController(Object(App\Controllers\BusinessController))
 3 SYSTEMPATH\CodeIgniter.php(368): CodeIgniter\CodeIgniter->handleRequest(null, Object(Config\Cache), false)
 4 FCPATH\index.php(67): CodeIgniter\CodeIgniter->run()
CRITICAL - 2023-05-30 07:06:11 --> Undefined variable $session
in APPPATH\Controllers\BusinessController.php on line 78.
 1 APPPATH\Controllers\BusinessController.php(78): CodeIgniter\Debug\Exceptions->errorHandler(2, 'Undefined variable $session', 'C:\\xampp\\htdocs\\reg-login\\app\\Controllers\\BusinessController.php', 78)
 2 SYSTEMPATH\CodeIgniter.php(934): App\Controllers\BusinessController->add_business()
 3 SYSTEMPATH\CodeIgniter.php(499): CodeIgniter\CodeIgniter->runController(Object(App\Controllers\BusinessController))
 4 SYSTEMPATH\CodeIgniter.php(368): CodeIgniter\CodeIgniter->handleRequest(null, Object(Config\Cache), false)
 5 FCPATH\index.php(67): CodeIgniter\CodeIgniter->run()
CRITICAL - 2023-05-30 07:15:51 --> session_start(): Failed to decode session object. Session has been destroyed
in SYSTEMPATH\Session\Session.php on line 920.
 1 [internal function]: CodeIgniter\Debug\Exceptions->errorHandler(2, 'session_start(): Failed to decode session object. Session has been destroyed', 'C:\\xampp\\htdocs\\reg-login\\system\\Session\\Session.php', 920)
 2 SYSTEMPATH\Session\Session.php(920): session_start()
 3 SYSTEMPATH\Session\Session.php(250): CodeIgniter\Session\Session->startSession()
 4 SYSTEMPATH\Config\Services.php(674): CodeIgniter\Session\Session->start()
 5 SYSTEMPATH\Config\BaseService.php(252): CodeIgniter\Config\Services::session(Object(Config\App), false)
 6 SYSTEMPATH\Config\BaseService.php(193): CodeIgniter\Config\BaseService::__callStatic('session', [...])
 7 SYSTEMPATH\Config\Services.php(641): CodeIgniter\Config\BaseService::getSharedInstance('session', null)
 8 SYSTEMPATH\Config\BaseService.php(252): CodeIgniter\Config\Services::session()
 9 SYSTEMPATH\Common.php(988): CodeIgniter\Config\BaseService::__callStatic('session', [])
10 APPPATH\Views\add_business.php(18): session()
11 SYSTEMPATH\View\View.php(213): include('C:\\xampp\\htdocs\\reg-login\\app\\Views\\add_business.php')
12 SYSTEMPATH\View\View.php(216): CodeIgniter\View\View->CodeIgniter\View\{closure}()
13 SYSTEMPATH\Common.php(1184): CodeIgniter\View\View->render('add_business', [], true)
14 APPPATH\Controllers\BusinessController.php(17): view('add_business')
15 SYSTEMPATH\CodeIgniter.php(934): App\Controllers\BusinessController->business_form()
16 SYSTEMPATH\CodeIgniter.php(499): CodeIgniter\CodeIgniter->runController(Object(App\Controllers\BusinessController))
17 SYSTEMPATH\CodeIgniter.php(368): CodeIgniter\CodeIgniter->handleRequest(null, Object(Config\Cache), false)
18 FCPATH\index.php(67): CodeIgniter\CodeIgniter->run()
